<?xml version="1.0" encoding="UTF-8"?>
<coverage generated="1519309311165" clover="3.2.0">
  <project timestamp="1519309311165" name="All files">
    <metrics statements="31" coveredstatements="31" conditionals="21" coveredconditionals="21" methods="6" coveredmethods="6" elements="58" coveredelements="58" complexity="0" loc="31" ncloc="31" packages="1" files="1" classes="1">
      <file name="index.js" path="/home/allyssonsantos/estudos/react-ninja-course/module-02/applications/github-app/src/utils/pagination/index.js">
        <metrics statements="31" coveredstatements="31" conditionals="21" coveredconditionals="21" methods="6" coveredmethods="6"/>
        <line num="3" count="1" type="stmt"/>
        <line num="4" count="42" type="cond" truecount="2" falsecount="0"/>
        <line num="10" count="41" type="stmt"/>
        <line num="12" count="1" type="cond" truecount="3" falsecount="0"/>
        <line num="13" count="21" type="cond" truecount="2" falsecount="0"/>
        <line num="14" count="1" type="stmt"/>
        <line num="17" count="20" type="cond" truecount="2" falsecount="0"/>
        <line num="18" count="1" type="stmt"/>
        <line num="21" count="19" type="cond" truecount="2" falsecount="0"/>
        <line num="22" count="10" type="stmt"/>
        <line num="25" count="14" type="stmt"/>
        <line num="26" count="14" type="stmt"/>
        <line num="28" count="42" type="stmt"/>
        <line num="32" count="70" type="stmt"/>
        <line num="34" count="14" type="stmt"/>
        <line num="35" count="14" type="stmt"/>
        <line num="37" count="14" type="cond" truecount="2" falsecount="0"/>
        <line num="38" count="2" type="stmt"/>
        <line num="45" count="14" type="stmt"/>
        <line num="46" count="14" type="stmt"/>
        <line num="48" count="14" type="cond" truecount="2" falsecount="0"/>
        <line num="49" count="2" type="stmt"/>
        <line num="56" count="14" type="stmt"/>
        <line num="57" count="14" type="stmt"/>
        <line num="59" count="14" type="cond" truecount="2" falsecount="0"/>
        <line num="60" count="6" type="stmt"/>
        <line num="67" count="14" type="stmt"/>
        <line num="68" count="14" type="stmt"/>
        <line num="70" count="14" type="cond" truecount="2" falsecount="0"/>
        <line num="71" count="6" type="stmt"/>
        <line num="78" count="14" type="stmt"/>
      </file>
    </metrics>
  </project>
</coverage>
