{"/home/allyssonsantos/estudos/react-ninja-course/module-02/applications/github-app/src/utils/pagination/index.js": {"path":"/home/allyssonsantos/estudos/react-ninja-course/module-02/applications/github-app/src/utils/pagination/index.js","statementMap":{"0":{"start":{"line":3,"column":19},"end":{"line":13,"column":1}},"1":{"start":{"line":4,"column":2},"end":{"line":6,"column":3}},"2":{"start":{"line":5,"column":4},"end":{"line":5,"column":13}},"3":{"start":{"line":8,"column":2},"end":{"line":10,"column":3}},"4":{"start":{"line":9,"column":4},"end":{"line":9,"column":26}},"5":{"start":{"line":12,"column":2},"end":{"line":12,"column":24}},"6":{"start":{"line":15,"column":19},"end":{"line":75,"column":1}},"7":{"start":{"line":16,"column":2},"end":{"line":18,"column":3}},"8":{"start":{"line":17,"column":4},"end":{"line":17,"column":58}},"9":{"start":{"line":17,"column":51},"end":{"line":17,"column":56}},"10":{"start":{"line":20,"column":24},"end":{"line":20,"column":25}},"11":{"start":{"line":21,"column":14},"end":{"line":25,"column":3}},"12":{"start":{"line":23,"column":55},"end":{"line":23,"column":92}},"13":{"start":{"line":27,"column":2},"end":{"line":27,"column":78}},"14":{"start":{"line":27,"column":47},"end":{"line":27,"column":76}},"15":{"start":{"line":29,"column":18},"end":{"line":29,"column":26}},"16":{"start":{"line":30,"column":19},"end":{"line":30,"column":27}},"17":{"start":{"line":32,"column":2},"end":{"line":38,"column":3}},"18":{"start":{"line":33,"column":4},"end":{"line":37,"column":6}},"19":{"start":{"line":40,"column":24},"end":{"line":40,"column":47}},"20":{"start":{"line":41,"column":17},"end":{"line":41,"column":39}},"21":{"start":{"line":43,"column":2},"end":{"line":49,"column":3}},"22":{"start":{"line":44,"column":4},"end":{"line":48,"column":6}},"23":{"start":{"line":51,"column":2},"end":{"line":51,"column":23}},"24":{"start":{"line":52,"column":2},"end":{"line":52,"column":24}},"25":{"start":{"line":54,"column":2},"end":{"line":60,"column":3}},"26":{"start":{"line":55,"column":4},"end":{"line":59,"column":6}},"27":{"start":{"line":62,"column":2},"end":{"line":62,"column":44}},"28":{"start":{"line":63,"column":2},"end":{"line":63,"column":37}},"29":{"start":{"line":65,"column":2},"end":{"line":71,"column":3}},"30":{"start":{"line":66,"column":4},"end":{"line":70,"column":6}},"31":{"start":{"line":73,"column":2},"end":{"line":73,"column":15}}},"fnMap":{"0":{"name":"(anonymous_0)","decl":{"start":{"line":3,"column":19},"end":{"line":3,"column":20}},"loc":{"start":{"line":3,"column":46},"end":{"line":13,"column":1}},"line":3},"1":{"name":"(anonymous_1)","decl":{"start":{"line":15,"column":19},"end":{"line":15,"column":20}},"loc":{"start":{"line":15,"column":46},"end":{"line":75,"column":1}},"line":15},"2":{"name":"(anonymous_2)","decl":{"start":{"line":17,"column":41},"end":{"line":17,"column":42}},"loc":{"start":{"line":17,"column":51},"end":{"line":17,"column":56}},"line":17},"3":{"name":"(anonymous_3)","decl":{"start":{"line":23,"column":45},"end":{"line":23,"column":46}},"loc":{"start":{"line":23,"column":55},"end":{"line":23,"column":92}},"line":23},"4":{"name":"(anonymous_4)","decl":{"start":{"line":27,"column":23},"end":{"line":27,"column":24}},"loc":{"start":{"line":27,"column":47},"end":{"line":27,"column":76}},"line":27}},"branchMap":{"0":{"loc":{"start":{"line":4,"column":2},"end":{"line":6,"column":3}},"type":"if","locations":[{"start":{"line":4,"column":2},"end":{"line":6,"column":3}},{"start":{"line":4,"column":2},"end":{"line":6,"column":3}}],"line":4},"1":{"loc":{"start":{"line":8,"column":2},"end":{"line":10,"column":3}},"type":"if","locations":[{"start":{"line":8,"column":2},"end":{"line":10,"column":3}},{"start":{"line":8,"column":2},"end":{"line":10,"column":3}}],"line":8},"2":{"loc":{"start":{"line":16,"column":2},"end":{"line":18,"column":3}},"type":"if","locations":[{"start":{"line":16,"column":2},"end":{"line":18,"column":3}},{"start":{"line":16,"column":2},"end":{"line":18,"column":3}}],"line":16},"3":{"loc":{"start":{"line":32,"column":2},"end":{"line":38,"column":3}},"type":"if","locations":[{"start":{"line":32,"column":2},"end":{"line":38,"column":3}},{"start":{"line":32,"column":2},"end":{"line":38,"column":3}}],"line":32},"4":{"loc":{"start":{"line":43,"column":2},"end":{"line":49,"column":3}},"type":"if","locations":[{"start":{"line":43,"column":2},"end":{"line":49,"column":3}},{"start":{"line":43,"column":2},"end":{"line":49,"column":3}}],"line":43},"5":{"loc":{"start":{"line":54,"column":2},"end":{"line":60,"column":3}},"type":"if","locations":[{"start":{"line":54,"column":2},"end":{"line":60,"column":3}},{"start":{"line":54,"column":2},"end":{"line":60,"column":3}}],"line":54},"6":{"loc":{"start":{"line":65,"column":2},"end":{"line":71,"column":3}},"type":"if","locations":[{"start":{"line":65,"column":2},"end":{"line":71,"column":3}},{"start":{"line":65,"column":2},"end":{"line":71,"column":3}}],"line":65}},"s":{"0":1,"1":39,"2":6,"3":33,"4":6,"5":27,"6":1,"7":16,"8":3,"9":8,"10":13,"11":13,"12":39,"13":13,"14":65,"15":13,"16":13,"17":13,"18":2,"19":13,"20":13,"21":13,"22":2,"23":13,"24":13,"25":13,"26":6,"27":13,"28":13,"29":13,"30":5,"31":13},"f":{"0":39,"1":16,"2":8,"3":39,"4":65},"b":{"0":[6,33],"1":[6,27],"2":[3,13],"3":[2,11],"4":[2,11],"5":[6,7],"6":[5,8]},"_coverageSchema":"332fd63041d2c1bcb487cc26dd0d5f7d97098a6c","hash":"603d2960e251e1040499590f3261e7573b9b460a"}
}
