{"/run/media/allysson/HD/Fedora/estudos/react-ninja-course/module-02/applications/github-app/src/utils/pagination/index.js": {"path":"/run/media/allysson/HD/Fedora/estudos/react-ninja-course/module-02/applications/github-app/src/utils/pagination/index.js","statementMap":{"0":{"start":{"line":1,"column":19},"end":{"line":4,"column":1}},"1":{"start":{"line":3,"column":2},"end":{"line":3,"column":56}},"2":{"start":{"line":3,"column":49},"end":{"line":3,"column":54}}},"fnMap":{"0":{"name":"(anonymous_0)","decl":{"start":{"line":1,"column":19},"end":{"line":1,"column":20}},"loc":{"start":{"line":1,"column":46},"end":{"line":4,"column":1}},"line":1},"1":{"name":"(anonymous_1)","decl":{"start":{"line":3,"column":39},"end":{"line":3,"column":40}},"loc":{"start":{"line":3,"column":49},"end":{"line":3,"column":54}},"line":3}},"branchMap":{},"s":{"0":1,"1":3,"2":8},"f":{"0":3,"1":8},"b":{},"_coverageSchema":"332fd63041d2c1bcb487cc26dd0d5f7d97098a6c","hash":"5f25feb07bd34c6b82eeefb3540fba019dfadadc"}
}
