TN:
SF:/home/allyssonsantos/estudos/react-ninja-course/module-02/applications/github-app/src/utils/pagination/index.js
FN:3,(anonymous_0)
FN:15,(anonymous_1)
FN:17,(anonymous_2)
FN:23,(anonymous_3)
FN:27,(anonymous_4)
FNF:5
FNH:5
FNDA:39,(anonymous_0)
FNDA:16,(anonymous_1)
FNDA:8,(anonymous_2)
FNDA:39,(anonymous_3)
FNDA:65,(anonymous_4)
DA:3,1
DA:4,39
DA:5,6
DA:8,33
DA:9,6
DA:12,27
DA:15,1
DA:16,16
DA:17,8
DA:20,13
DA:21,13
DA:23,39
DA:27,65
DA:29,13
DA:30,13
DA:32,13
DA:33,2
DA:40,13
DA:41,13
DA:43,13
DA:44,2
DA:51,13
DA:52,13
DA:54,13
DA:55,6
DA:62,13
DA:63,13
DA:65,13
DA:66,5
DA:73,13
LF:30
LH:30
BRDA:4,0,0,6
BRDA:4,0,1,33
BRDA:8,1,0,6
BRDA:8,1,1,27
BRDA:16,2,0,3
BRDA:16,2,1,13
BRDA:32,3,0,2
BRDA:32,3,1,11
BRDA:43,4,0,2
BRDA:43,4,1,11
BRDA:54,5,0,6
BRDA:54,5,1,7
BRDA:65,6,0,5
BRDA:65,6,1,8
BRF:14
BRH:14
end_of_record
