<?xml version="1.0" encoding="UTF-8"?>
<coverage generated="1516903734368" clover="3.2.0">
  <project timestamp="1516903734368" name="All files">
    <metrics statements="5" coveredstatements="5" conditionals="2" coveredconditionals="2" methods="2" coveredmethods="2" elements="9" coveredelements="9" complexity="0" loc="5" ncloc="5" packages="1" files="1" classes="1">
      <file name="map.js" path="/home/allyssonsantos/estudos/react-ninja-course/module-02/jest-in-practice/src/map/map.js">
        <metrics statements="5" coveredstatements="5" conditionals="2" coveredconditionals="2" methods="2" coveredmethods="2"/>
        <line num="3" count="2" type="cond" truecount="2" falsecount="0"/>
        <line num="4" count="8" type="stmt"/>
        <line num="6" count="8" type="stmt"/>
        <line num="7" count="14" type="stmt"/>
        <line num="10" count="8" type="stmt"/>
      </file>
    </metrics>
  </project>
</coverage>
