<?xml version="1.0" encoding="UTF-8"?>
<coverage generated="1517825224754" clover="3.2.0">
  <project timestamp="1517825224754" name="All files">
    <metrics statements="24" coveredstatements="24" conditionals="8" coveredconditionals="8" methods="7" coveredmethods="7" elements="39" coveredelements="39" complexity="0" loc="24" ncloc="24" packages="2" files="5" classes="5">
      <package name="reduce">
        <metrics statements="19" coveredstatements="19" conditionals="8" coveredconditionals="8" methods="6" coveredmethods="6"/>
        <file name="main-reduce-recursive.js" path="/home/allyssonsantos/estudos/react-ninja-course/module-02/jest-in-practice/src/reduce/main-reduce-recursive.js">
          <metrics statements="8" coveredstatements="8" conditionals="6" coveredconditionals="6" methods="4" coveredmethods="4"/>
          <line num="3" count="12" type="stmt"/>
          <line num="5" count="1" type="stmt"/>
          <line num="6" count="6" type="cond" truecount="2" falsecount="0"/>
          <line num="7" count="6" type="cond" truecount="2" falsecount="0"/>
          <line num="9" count="6" type="stmt"/>
          <line num="10" count="20" type="stmt"/>
          <line num="11" count="20" type="stmt"/>
          <line num="13" count="20" type="cond" truecount="2" falsecount="0"/>
        </file>
        <file name="main-reduce.js" path="/home/allyssonsantos/estudos/react-ninja-course/module-02/jest-in-practice/src/reduce/main-reduce.js">
          <metrics statements="9" coveredstatements="9" conditionals="2" coveredconditionals="2" methods="1" coveredmethods="1"/>
          <line num="3" count="1" type="stmt"/>
          <line num="4" count="7" type="stmt"/>
          <line num="5" count="7" type="stmt"/>
          <line num="7" count="7" type="cond" truecount="2" falsecount="0"/>
          <line num="8" count="1" type="stmt"/>
          <line num="9" count="1" type="stmt"/>
          <line num="13" count="7" type="stmt"/>
          <line num="14" count="17" type="stmt"/>
          <line num="17" count="7" type="stmt"/>
        </file>
        <file name="reduce-right.js" path="/home/allyssonsantos/estudos/react-ninja-course/module-02/jest-in-practice/src/reduce/reduce-right.js">
          <metrics statements="1" coveredstatements="1" conditionals="0" coveredconditionals="0" methods="1" coveredmethods="1"/>
          <line num="6" count="1" type="stmt"/>
        </file>
        <file name="reduce.js" path="/home/allyssonsantos/estudos/react-ninja-course/module-02/jest-in-practice/src/reduce/reduce.js">
          <metrics statements="1" coveredstatements="1" conditionals="0" coveredconditionals="0" methods="0" coveredmethods="0"/>
          <line num="5" count="1" type="stmt"/>
        </file>
      </package>
      <package name="reverse">
        <metrics statements="5" coveredstatements="5" conditionals="0" coveredconditionals="0" methods="1" coveredmethods="1"/>
        <file name="reverse.js" path="/home/allyssonsantos/estudos/react-ninja-course/module-02/jest-in-practice/src/reverse/reverse.js">
          <metrics statements="5" coveredstatements="5" conditionals="0" coveredconditionals="0" methods="1" coveredmethods="1"/>
          <line num="3" count="1" type="stmt"/>
          <line num="4" count="1" type="stmt"/>
          <line num="5" count="1" type="stmt"/>
          <line num="6" count="3" type="stmt"/>
          <line num="9" count="1" type="stmt"/>
        </file>
      </package>
    </metrics>
  </project>
</coverage>
