{"/home/allyssonsantos/estudos/react-ninja-course/module-02/jest-in-practice/src/reverse/reverse-recursive.js": {"path":"/home/allyssonsantos/estudos/react-ninja-course/module-02/jest-in-practice/src/reverse/reverse-recursive.js","statementMap":{"0":{"start":{"line":3,"column":16},"end":{"line":6,"column":3}},"1":{"start":{"line":3,"column":25},"end":{"line":6,"column":3}}},"fnMap":{"0":{"name":"(anonymous_0)","decl":{"start":{"line":3,"column":16},"end":{"line":3,"column":17}},"loc":{"start":{"line":3,"column":25},"end":{"line":6,"column":3}},"line":3}},"branchMap":{"0":{"loc":{"start":{"line":3,"column":25},"end":{"line":6,"column":3}},"type":"cond-expr","locations":[{"start":{"line":3,"column":44},"end":{"line":3,"column":46}},{"start":{"line":3,"column":49},"end":{"line":6,"column":3}}],"line":3}},"s":{"0":1,"1":5},"f":{"0":5},"b":{"0":[2,3]},"_coverageSchema":"332fd63041d2c1bcb487cc26dd0d5f7d97098a6c","hash":"7fb4b0f34cb53966ea4fa4e8a522755831ce722a"}
,"/home/allyssonsantos/estudos/react-ninja-course/module-02/jest-in-practice/src/reverse/reverse.js": {"path":"/home/allyssonsantos/estudos/react-ninja-course/module-02/jest-in-practice/src/reverse/reverse.js","statementMap":{"0":{"start":{"line":3,"column":16},"end":{"line":10,"column":1}},"1":{"start":{"line":4,"column":15},"end":{"line":4,"column":17}},"2":{"start":{"line":5,"column":2},"end":{"line":7,"column":3}},"3":{"start":{"line":6,"column":4},"end":{"line":6,"column":24}},"4":{"start":{"line":9,"column":2},"end":{"line":9,"column":16}}},"fnMap":{"0":{"name":"(anonymous_0)","decl":{"start":{"line":3,"column":16},"end":{"line":3,"column":17}},"loc":{"start":{"line":3,"column":25},"end":{"line":10,"column":1}},"line":3}},"branchMap":{},"s":{"0":1,"1":2,"2":2,"3":3,"4":2},"f":{"0":2},"b":{},"_coverageSchema":"332fd63041d2c1bcb487cc26dd0d5f7d97098a6c","hash":"ab0159d316a012f900dea6e1e0ce1a78f590a4f6"}
}
