{"/home/allyssonsantos/estudos/react-ninja-course/module-02/jest-in-practice/src/reduce/reduce-recursive.js": {"path":"/home/allyssonsantos/estudos/react-ninja-course/module-02/jest-in-practice/src/reduce/reduce-recursive.js","statementMap":{"0":{"start":{"line":3,"column":32},"end":{"line":3,"column":76}},"1":{"start":{"line":3,"column":50},"end":{"line":3,"column":76}},"2":{"start":{"line":5,"column":15},"end":{"line":17,"column":1}},"3":{"start":{"line":6,"column":14},"end":{"line":6,"column":75}},"4":{"start":{"line":7,"column":18},"end":{"line":7,"column":76}},"5":{"start":{"line":9,"column":2},"end":{"line":16,"column":22}},"6":{"start":{"line":10,"column":28},"end":{"line":10,"column":39}},"7":{"start":{"line":11,"column":20},"end":{"line":11,"column":67}},"8":{"start":{"line":11,"column":26},"end":{"line":11,"column":67}},"9":{"start":{"line":13,"column":4},"end":{"line":15,"column":53}}},"fnMap":{"0":{"name":"(anonymous_0)","decl":{"start":{"line":3,"column":32},"end":{"line":3,"column":33}},"loc":{"start":{"line":3,"column":50},"end":{"line":3,"column":76}},"line":3},"1":{"name":"(anonymous_1)","decl":{"start":{"line":5,"column":15},"end":{"line":5,"column":16}},"loc":{"start":{"line":5,"column":44},"end":{"line":17,"column":1}},"line":5},"2":{"name":"reduceInternal","decl":{"start":{"line":9,"column":19},"end":{"line":9,"column":33}},"loc":{"start":{"line":9,"column":70},"end":{"line":16,"column":3}},"line":9},"3":{"name":"(anonymous_3)","decl":{"start":{"line":11,"column":20},"end":{"line":11,"column":21}},"loc":{"start":{"line":11,"column":26},"end":{"line":11,"column":67}},"line":11}},"branchMap":{"0":{"loc":{"start":{"line":6,"column":14},"end":{"line":6,"column":75}},"type":"cond-expr","locations":[{"start":{"line":6,"column":54},"end":{"line":6,"column":60}},{"start":{"line":6,"column":63},"end":{"line":6,"column":75}}],"line":6},"1":{"loc":{"start":{"line":7,"column":18},"end":{"line":7,"column":76}},"type":"cond-expr","locations":[{"start":{"line":7,"column":58},"end":{"line":7,"column":70}},{"start":{"line":7,"column":73},"end":{"line":7,"column":76}}],"line":7},"2":{"loc":{"start":{"line":13,"column":11},"end":{"line":15,"column":52}},"type":"cond-expr","locations":[{"start":{"line":14,"column":8},"end":{"line":14,"column":19}},{"start":{"line":15,"column":8},"end":{"line":15,"column":52}}],"line":13}},"s":{"0":1,"1":12,"2":1,"3":6,"4":6,"5":6,"6":20,"7":20,"8":14,"9":20},"f":{"0":12,"1":6,"2":20,"3":14},"b":{"0":[1,5],"1":[1,5],"2":[6,14]},"_coverageSchema":"332fd63041d2c1bcb487cc26dd0d5f7d97098a6c","hash":"9c45d9fad48d55a916cac96172539c39ae693255"}
}
