TN:
SF:/home/allyssonsantos/estudos/react-ninja-course/module-02/jest-in-practice/src/every/every-recursive.js
FN:3,(anonymous_0)
FN:4,everyInternal
FNF:2
FNH:2
FNDA:5,(anonymous_0)
FNDA:14,everyInternal
DA:3,1
DA:4,5
DA:5,14
DA:7,14
LF:4
LH:4
BRDA:7,0,0,4
BRDA:7,0,1,10
BRDA:9,1,0,1
BRDA:9,1,1,9
BRF:4
BRH:4
end_of_record
TN:
SF:/home/allyssonsantos/estudos/react-ninja-course/module-02/jest-in-practice/src/every/every.js
FN:3,(anonymous_0)
FNF:1
FNH:1
FNDA:5,(anonymous_0)
DA:3,1
DA:4,5
DA:5,10
DA:6,1
DA:10,4
LF:5
LH:5
BRDA:5,0,0,1
BRDA:5,0,1,9
BRF:2
BRH:2
end_of_record
TN:
SF:/home/allyssonsantos/estudos/react-ninja-course/module-02/jest-in-practice/src/filter/filter-recursive.js
FN:3,(anonymous_0)
FN:4,filterInternal
FNF:2
FNH:2
FNDA:5,(anonymous_0)
FNDA:24,filterInternal
DA:3,1
DA:4,5
DA:5,24
DA:6,24
LF:4
LH:4
BRDA:6,0,0,5
BRDA:6,0,1,19
BRDA:8,1,0,13
BRDA:8,1,1,6
BRF:4
BRH:4
end_of_record
TN:
SF:/home/allyssonsantos/estudos/react-ninja-course/module-02/jest-in-practice/src/filter/filter.js
FN:3,(anonymous_0)
FNF:1
FNH:1
FNDA:5,(anonymous_0)
DA:3,1
DA:4,5
DA:6,5
DA:7,19
DA:8,13
DA:12,5
LF:6
LH:6
BRDA:7,0,0,13
BRDA:7,0,1,6
BRF:2
BRH:2
end_of_record
TN:
SF:/home/allyssonsantos/estudos/react-ninja-course/module-02/jest-in-practice/src/map/map-recursive.js
FN:3,(anonymous_0)
FN:3,(anonymous_1)
FN:4,mapInternal
FNF:3
FNH:3
FNDA:8,(anonymous_0)
FNDA:2,(anonymous_1)
FNDA:22,mapInternal
DA:3,2
DA:4,8
DA:5,22
DA:7,22
LF:4
LH:4
BRDA:3,0,0,1
BRDA:3,1,0,2
BRDA:7,2,0,8
BRDA:7,2,1,14
BRF:4
BRH:4
end_of_record
TN:
SF:/home/allyssonsantos/estudos/react-ninja-course/module-02/jest-in-practice/src/map/map.js
FN:3,(anonymous_0)
FN:3,(anonymous_1)
FNF:2
FNH:2
FNDA:8,(anonymous_0)
FNDA:2,(anonymous_1)
DA:3,2
DA:4,8
DA:6,8
DA:7,14
DA:10,8
LF:5
LH:5
BRDA:3,0,0,1
BRDA:3,1,0,2
BRF:2
BRH:2
end_of_record
TN:
SF:/home/allyssonsantos/estudos/react-ninja-course/module-02/jest-in-practice/src/some/some-recursive.js
FN:3,(anonymous_0)
FN:4,someInternal
FNF:2
FNH:2
FNDA:5,(anonymous_0)
FNDA:8,someInternal
DA:3,1
DA:4,5
DA:5,8
DA:7,8
LF:4
LH:4
BRDA:7,0,0,2
BRDA:7,0,1,6
BRDA:8,1,0,3
BRDA:8,1,1,3
BRF:4
BRH:4
end_of_record
TN:
SF:/home/allyssonsantos/estudos/react-ninja-course/module-02/jest-in-practice/src/some/some.js
FN:3,(anonymous_0)
FNF:1
FNH:1
FNDA:5,(anonymous_0)
DA:3,1
DA:4,5
DA:5,6
DA:6,3
DA:9,2
LF:5
LH:5
BRDA:5,0,0,3
BRDA:5,0,1,3
BRF:2
BRH:2
end_of_record
